<?xml version="1.0" encoding="UTF-8"?>
<!-- Generated by org.testng.reporters.JUnitReportReporter -->
<testsuite hostname="jrebosio-Aspire-A515-54" failures="0" tests="53" name="cs.lab.DNASequencerTest" time="1.760" errors="0" timestamp="2020-11-05T09:22:51 PET" skipped="0">
  <testcase classname="cs.lab.DNASequencerTest" name="testCase3" time="0.038"/>
  <testcase classname="cs.lab.DNASequencerTest" name="testCase3" time="0.005"/>
  <testcase classname="cs.lab.DNASequencerTest" name="testCase3" time="0.045"/>
  <testcase classname="cs.lab.DNASequencerTest" name="testCase3" time="0.032"/>
  <testcase classname="cs.lab.DNASequencerTest" name="testCase3" time="0.031"/>
  <testcase classname="cs.lab.DNASequencerTest" name="testCase3" time="0.034"/>
  <testcase classname="cs.lab.DNASequencerTest" name="testCase3" time="0.051"/>
  <testcase classname="cs.lab.DNASequencerTest" name="testCase3" time="0.027"/>
  <testcase classname="cs.lab.DNASequencerTest" name="testCase3" time="0.012"/>
  <testcase classname="cs.lab.DNASequencerTest" name="testCase3" time="0.029"/>
  <testcase classname="cs.lab.DNASequencerTest" name="testCase3" time="0.011"/>
  <testcase classname="cs.lab.DNASequencerTest" name="testCase3" time="0.016"/>
  <testcase classname="cs.lab.DNASequencerTest" name="testCase3" time="0.070"/>
  <testcase classname="cs.lab.DNASequencerTest" name="testCase3" time="0.007"/>
  <testcase classname="cs.lab.DNASequencerTest" name="testCase3" time="0.006"/>
  <testcase classname="cs.lab.DNASequencerTest" name="testCase3" time="0.014"/>
  <testcase classname="cs.lab.DNASequencerTest" name="testCase3" time="0.053"/>
  <testcase classname="cs.lab.DNASequencerTest" name="testCase3" time="0.043"/>
  <testcase classname="cs.lab.DNASequencerTest" name="testCase3" time="0.012"/>
  <testcase classname="cs.lab.DNASequencerTest" name="testCase3" time="0.020"/>
  <testcase classname="cs.lab.DNASequencerTest" name="testCase3" time="0.025"/>
  <testcase classname="cs.lab.DNASequencerTest" name="testCase3" time="0.015"/>
  <testcase classname="cs.lab.DNASequencerTest" name="testCase3" time="0.006"/>
  <testcase classname="cs.lab.DNASequencerTest" name="testCase3" time="0.013"/>
  <testcase classname="cs.lab.DNASequencerTest" name="testCase3" time="0.034"/>
  <testcase classname="cs.lab.DNASequencerTest" name="testCase3" time="0.027"/>
  <testcase classname="cs.lab.DNASequencerTest" name="testCase3" time="0.040"/>
  <testcase classname="cs.lab.DNASequencerTest" name="testCase3" time="0.037"/>
  <testcase classname="cs.lab.DNASequencerTest" name="testCase3" time="0.045"/>
  <testcase classname="cs.lab.DNASequencerTest" name="testCase3" time="0.011"/>
  <testcase classname="cs.lab.DNASequencerTest" name="testCase3" time="0.061"/>
  <testcase classname="cs.lab.DNASequencerTest" name="testCase3" time="0.043"/>
  <testcase classname="cs.lab.DNASequencerTest" name="testCase3" time="0.034"/>
  <testcase classname="cs.lab.DNASequencerTest" name="testCase3" time="0.027"/>
  <testcase classname="cs.lab.DNASequencerTest" name="testCase3" time="0.004"/>
  <testcase classname="cs.lab.DNASequencerTest" name="testCase3" time="0.013"/>
  <testcase classname="cs.lab.DNASequencerTest" name="testCase3" time="0.022"/>
  <testcase classname="cs.lab.DNASequencerTest" name="testCase3" time="0.010"/>
  <testcase classname="cs.lab.DNASequencerTest" name="testCase3" time="0.047"/>
  <testcase classname="cs.lab.DNASequencerTest" name="testCase1" time="0.006"/>
  <testcase classname="cs.lab.DNASequencerTest" name="testCase0" time="0.071"/>
  <testcase classname="cs.lab.DNASequencerTest" name="testCase3" time="0.016"/>
  <testcase classname="cs.lab.DNASequencerTest" name="testCase2" time="0.280"/>
  <testcase classname="cs.lab.DNASequencerTest" name="testCase3" time="0.021"/>
  <testcase classname="cs.lab.DNASequencerTest" name="testCase3" time="0.010"/>
  <testcase classname="cs.lab.DNASequencerTest" name="testCase3" time="0.031"/>
  <testcase classname="cs.lab.DNASequencerTest" name="testCase3" time="0.042"/>
  <testcase classname="cs.lab.DNASequencerTest" name="testCase3" time="0.051"/>
  <testcase classname="cs.lab.DNASequencerTest" name="testCase3" time="0.001"/>
  <testcase classname="cs.lab.DNASequencerTest" name="testCase3" time="0.056"/>
  <testcase classname="cs.lab.DNASequencerTest" name="testCase3" time="0.043"/>
  <testcase classname="cs.lab.DNASequencerTest" name="testCase3" time="0.044"/>
  <testcase classname="cs.lab.DNASequencerTest" name="testCase3" time="0.018"/>
</testsuite> <!-- cs.lab.DNASequencerTest -->
